BattleBuddies/app/build/intermediates/manifest_merge_blame_file/debug/manifest-merger-blame-debug-report.txt
1<?xml version="1.0" encoding="utf-8"?>
2<manifest xmlns:android="http://schemas.android.com/apk/res/android"
3    package="edu.mep3343.battlebuddies"
4    android:versionCode="1"
5    android:versionName="1.0" >
6
7    <uses-sdk
8        android:minSdkVersion="27"
8-->src\main\AndroidManifest.xml
9        android:targetSdkVersion="29" />
9-->src\main\AndroidManifest.xml
10
11    <uses-permission android:name="android.permission.ACCESS_NETWORK_STATE" />
11-->[com.firebaseui:firebase-ui-auth:4.3.1] AndroidManifest.xml:12:5-79
11-->[com.firebaseui:firebase-ui-auth:4.3.1] AndroidManifest.xml:12:22-76
12    <uses-permission android:name="android.permission.INTERNET" />
12-->[com.firebaseui:firebase-ui-auth:4.3.1] AndroidManifest.xml:13:5-67
12-->[com.firebaseui:firebase-ui-auth:4.3.1] AndroidManifest.xml:13:22-64
13    <uses-permission android:name="android.permission.WAKE_LOCK" /> <!-- Required by older versions of Google Play services to create IID tokens -->
13-->[com.google.android.gms:play-services-measurement-api:17.2.0] AndroidManifest.xml:24:5-68
13-->[com.google.android.gms:play-services-measurement-api:17.2.0] AndroidManifest.xml:24:22-65
14    <uses-permission android:name="com.google.android.c2dm.permission.RECEIVE" />
14-->[com.google.firebase:firebase-iid:19.0.0] AndroidManifest.xml:26:5-82
14-->[com.google.firebase:firebase-iid:19.0.0] AndroidManifest.xml:26:22-79
15    <uses-permission android:name="com.google.android.finsky.permission.BIND_GET_INSTALL_REFERRER_SERVICE" />
15-->[com.google.android.gms:play-services-measurement:17.2.0] AndroidManifest.xml:26:5-110
15-->[com.google.android.gms:play-services-measurement:17.2.0] AndroidManifest.xml:26:22-107
16
17    <application
17-->src\main\AndroidManifest.xml:5:5-22:19
18        android:allowBackup="true"
18-->src\main\AndroidManifest.xml:6:9-35
19        android:appComponentFactory="androidx.core.app.CoreComponentFactory"
19-->[androidx.core:core:1.0.2] AndroidManifest.xml:22:18-86
20        android:debuggable="true"
21        android:icon="@mipmap/ic_launcher"
21-->src\main\AndroidManifest.xml:7:9-43
22        android:label="@string/app_name"
22-->src\main\AndroidManifest.xml:8:9-41
23        android:roundIcon="@mipmap/ic_launcher_round"
23-->src\main\AndroidManifest.xml:9:9-54
24        android:supportsRtl="true"
24-->src\main\AndroidManifest.xml:10:9-35
25        android:theme="@style/AppTheme" >
25-->src\main\AndroidManifest.xml:11:9-40
26        <activity
26-->src\main\AndroidManifest.xml:12:9-21:20
27            android:name="edu.mep3343.battlebuddies.MainActivity"
27-->src\main\AndroidManifest.xml:13:13-41
28            android:label="@string/app_name"
28-->src\main\AndroidManifest.xml:14:13-45
29            android:theme="@style/AppTheme.NoActionBar" >
29-->src\main\AndroidManifest.xml:15:13-56
30            <intent-filter>
30-->src\main\AndroidManifest.xml:16:13-20:29
31                <action android:name="android.intent.action.MAIN" />
31-->src\main\AndroidManifest.xml:17:17-69
31-->src\main\AndroidManifest.xml:17:25-66
32
33                <category android:name="android.intent.category.LAUNCHER" />
33-->src\main\AndroidManifest.xml:19:17-77
33-->src\main\AndroidManifest.xml:19:27-74
34            </intent-filter>
35        </activity>
36
37        <meta-data
37-->[com.firebaseui:firebase-ui-auth:4.3.1] AndroidManifest.xml:16:9-18:69
38            android:name="com.google.android.gms.version"
38-->[com.firebaseui:firebase-ui-auth:4.3.1] AndroidManifest.xml:17:13-58
39            android:value="@integer/google_play_services_version" />
39-->[com.firebaseui:firebase-ui-auth:4.3.1] AndroidManifest.xml:18:13-66
40        <meta-data
40-->[com.firebaseui:firebase-ui-auth:4.3.1] AndroidManifest.xml:19:9-21:63
41            android:name="com.facebook.sdk.ApplicationId"
41-->[com.firebaseui:firebase-ui-auth:4.3.1] AndroidManifest.xml:20:13-58
42            android:value="@string/facebook_application_id" />
42-->[com.firebaseui:firebase-ui-auth:4.3.1] AndroidManifest.xml:21:13-60
43
44        <activity
44-->[com.firebaseui:firebase-ui-auth:4.3.1] AndroidManifest.xml:23:9-27:61
45            android:name="com.firebase.ui.auth.KickoffActivity"
45-->[com.firebaseui:firebase-ui-auth:4.3.1] AndroidManifest.xml:24:13-64
46            android:exported="false"
46-->[com.firebaseui:firebase-ui-auth:4.3.1] AndroidManifest.xml:25:13-37
47            android:label=""
47-->[com.firebaseui:firebase-ui-auth:4.3.1] AndroidManifest.xml:26:13-29
48            android:theme="@style/FirebaseUI.Transparent" />
48-->[com.firebaseui:firebase-ui-auth:4.3.1] AndroidManifest.xml:27:13-58
49        <activity
49-->[com.firebaseui:firebase-ui-auth:4.3.1] AndroidManifest.xml:28:9-32:61
50            android:name="com.firebase.ui.auth.ui.idp.SingleSignInActivity"
50-->[com.firebaseui:firebase-ui-auth:4.3.1] AndroidManifest.xml:29:13-76
51            android:exported="false"
51-->[com.firebaseui:firebase-ui-auth:4.3.1] AndroidManifest.xml:30:13-37
52            android:label=""
52-->[com.firebaseui:firebase-ui-auth:4.3.1] AndroidManifest.xml:31:13-29
53            android:theme="@style/FirebaseUI.Transparent" />
53-->[com.firebaseui:firebase-ui-auth:4.3.1] AndroidManifest.xml:32:13-58
54        <activity
54-->[com.firebaseui:firebase-ui-auth:4.3.1] AndroidManifest.xml:33:9-37:61
55            android:name="com.firebase.ui.auth.ui.credentials.CredentialSaveActivity"
55-->[com.firebaseui:firebase-ui-auth:4.3.1] AndroidManifest.xml:34:13-86
56            android:exported="false"
56-->[com.firebaseui:firebase-ui-auth:4.3.1] AndroidManifest.xml:35:13-37
57            android:label=""
57-->[com.firebaseui:firebase-ui-auth:4.3.1] AndroidManifest.xml:36:13-29
58            android:theme="@style/FirebaseUI.Transparent" />
58-->[com.firebaseui:firebase-ui-auth:4.3.1] AndroidManifest.xml:37:13-58
59        <activity
59-->[com.firebaseui:firebase-ui-auth:4.3.1] AndroidManifest.xml:38:9-42:58
60            android:name="com.firebase.ui.auth.ui.email.RecoverPasswordActivity"
60-->[com.firebaseui:firebase-ui-auth:4.3.1] AndroidManifest.xml:39:13-81
61            android:exported="false"
61-->[com.firebaseui:firebase-ui-auth:4.3.1] AndroidManifest.xml:40:13-37
62            android:label="@string/fui_title_recover_password_activity"
62-->[com.firebaseui:firebase-ui-auth:4.3.1] AndroidManifest.xml:41:13-72
63            android:windowSoftInputMode="adjustResize" />
63-->[com.firebaseui:firebase-ui-auth:4.3.1] AndroidManifest.xml:42:13-55
64        <activity
64-->[com.firebaseui:firebase-ui-auth:4.3.1] AndroidManifest.xml:43:9-47:58
65            android:name="com.firebase.ui.auth.ui.email.EmailActivity"
65-->[com.firebaseui:firebase-ui-auth:4.3.1] AndroidManifest.xml:44:13-71
66            android:exported="false"
66-->[com.firebaseui:firebase-ui-auth:4.3.1] AndroidManifest.xml:45:13-37
67            android:label="@string/fui_sign_in_default"
67-->[com.firebaseui:firebase-ui-auth:4.3.1] AndroidManifest.xml:46:13-56
68            android:windowSoftInputMode="adjustResize" />
68-->[com.firebaseui:firebase-ui-auth:4.3.1] AndroidManifest.xml:47:13-55
69        <activity
69-->[com.firebaseui:firebase-ui-auth:4.3.1] AndroidManifest.xml:48:9-52:77
70            android:name="com.firebase.ui.auth.ui.phone.PhoneActivity"
70-->[com.firebaseui:firebase-ui-auth:4.3.1] AndroidManifest.xml:49:13-71
71            android:exported="false"
71-->[com.firebaseui:firebase-ui-auth:4.3.1] AndroidManifest.xml:50:13-37
72            android:label="@string/fui_sign_in_with_phone_number"
72-->[com.firebaseui:firebase-ui-auth:4.3.1] AndroidManifest.xml:51:13-66
73            android:windowSoftInputMode="adjustResize|stateAlwaysVisible" />
73-->[com.firebaseui:firebase-ui-auth:4.3.1] AndroidManifest.xml:52:13-74
74        <activity
74-->[com.firebaseui:firebase-ui-auth:4.3.1] AndroidManifest.xml:53:9-57:58
75            android:name="com.firebase.ui.auth.ui.idp.WelcomeBackIdpPrompt"
75-->[com.firebaseui:firebase-ui-auth:4.3.1] AndroidManifest.xml:54:13-76
76            android:exported="false"
76-->[com.firebaseui:firebase-ui-auth:4.3.1] AndroidManifest.xml:55:13-37
77            android:label="@string/fui_title_welcome_back_idp_prompt"
77-->[com.firebaseui:firebase-ui-auth:4.3.1] AndroidManifest.xml:56:13-70
78            android:windowSoftInputMode="adjustResize" />
78-->[com.firebaseui:firebase-ui-auth:4.3.1] AndroidManifest.xml:57:13-55
79        <activity
79-->[com.firebaseui:firebase-ui-auth:4.3.1] AndroidManifest.xml:58:9-62:58
80            android:name="com.firebase.ui.auth.ui.email.WelcomeBackPasswordPrompt"
80-->[com.firebaseui:firebase-ui-auth:4.3.1] AndroidManifest.xml:59:13-83
81            android:exported="false"
81-->[com.firebaseui:firebase-ui-auth:4.3.1] AndroidManifest.xml:60:13-37
82            android:label="@string/fui_title_welcome_back_password_prompt"
82-->[com.firebaseui:firebase-ui-auth:4.3.1] AndroidManifest.xml:61:13-75
83            android:windowSoftInputMode="adjustResize" />
83-->[com.firebaseui:firebase-ui-auth:4.3.1] AndroidManifest.xml:62:13-55
84        <activity
84-->[com.firebaseui:firebase-ui-auth:4.3.1] AndroidManifest.xml:63:9-67:58
85            android:name="com.firebase.ui.auth.ui.email.WelcomeBackEmailLinkPrompt"
85-->[com.firebaseui:firebase-ui-auth:4.3.1] AndroidManifest.xml:64:13-84
86            android:exported="false"
86-->[com.firebaseui:firebase-ui-auth:4.3.1] AndroidManifest.xml:65:13-37
87            android:label="@string/fui_title_welcome_back_password_prompt"
87-->[com.firebaseui:firebase-ui-auth:4.3.1] AndroidManifest.xml:66:13-75
88            android:windowSoftInputMode="adjustResize" />
88-->[com.firebaseui:firebase-ui-auth:4.3.1] AndroidManifest.xml:67:13-55
89        <activity
89-->[com.firebaseui:firebase-ui-auth:4.3.1] AndroidManifest.xml:68:9-73:58
90            android:name="com.firebase.ui.auth.ui.email.EmailLinkCatcherActivity"
90-->[com.firebaseui:firebase-ui-auth:4.3.1] AndroidManifest.xml:69:13-82
91            android:exported="false"
91-->[com.firebaseui:firebase-ui-auth:4.3.1] AndroidManifest.xml:70:13-37
92            android:label=""
92-->[com.firebaseui:firebase-ui-auth:4.3.1] AndroidManifest.xml:71:13-29
93            android:theme="@style/FirebaseUI.Transparent"
93-->[com.firebaseui:firebase-ui-auth:4.3.1] AndroidManifest.xml:72:13-58
94            android:windowSoftInputMode="adjustResize" />
94-->[com.firebaseui:firebase-ui-auth:4.3.1] AndroidManifest.xml:73:13-55
95        <activity
95-->[com.firebaseui:firebase-ui-auth:4.3.1] AndroidManifest.xml:74:9-78:58
96            android:name="com.firebase.ui.auth.ui.email.EmailLinkErrorRecoveryActivity"
96-->[com.firebaseui:firebase-ui-auth:4.3.1] AndroidManifest.xml:75:13-88
97            android:exported="false"
97-->[com.firebaseui:firebase-ui-auth:4.3.1] AndroidManifest.xml:76:13-37
98            android:label="@string/fui_sign_in_default"
98-->[com.firebaseui:firebase-ui-auth:4.3.1] AndroidManifest.xml:77:13-56
99            android:windowSoftInputMode="adjustResize" />
99-->[com.firebaseui:firebase-ui-auth:4.3.1] AndroidManifest.xml:78:13-55
100        <activity
100-->[com.firebaseui:firebase-ui-auth:4.3.1] AndroidManifest.xml:79:9-82:65
101            android:name="com.firebase.ui.auth.ui.idp.AuthMethodPickerActivity"
101-->[com.firebaseui:firebase-ui-auth:4.3.1] AndroidManifest.xml:80:13-80
102            android:exported="false"
102-->[com.firebaseui:firebase-ui-auth:4.3.1] AndroidManifest.xml:81:13-37
103            android:label="@string/fui_default_toolbar_title" />
103-->[com.firebaseui:firebase-ui-auth:4.3.1] AndroidManifest.xml:82:13-62
104        <activity
104-->[com.firebaseui:firebase-ui-auth:4.3.1] AndroidManifest.xml:83:9-87:48
105            android:name="com.facebook.FacebookActivity"
105-->[com.firebaseui:firebase-ui-auth:4.3.1] AndroidManifest.xml:84:13-57
106            android:configChanges="keyboard|keyboardHidden|screenLayout|screenSize|orientation"
106-->[com.firebaseui:firebase-ui-auth:4.3.1] AndroidManifest.xml:85:13-96
107            android:label="@string/app_name" />
107-->[com.firebaseui:firebase-ui-auth:4.3.1] AndroidManifest.xml:86:13-45
108        <activity
108-->[com.firebaseui:firebase-ui-auth:4.3.1] AndroidManifest.xml:88:9-100:20
109            android:name="com.facebook.CustomTabActivity"
109-->[com.firebaseui:firebase-ui-auth:4.3.1] AndroidManifest.xml:89:13-58
110            android:exported="true" >
110-->[com.firebaseui:firebase-ui-auth:4.3.1] AndroidManifest.xml:90:13-36
111            <intent-filter>
111-->[com.firebaseui:firebase-ui-auth:4.3.1] AndroidManifest.xml:92:13-99:29
112                <action android:name="android.intent.action.VIEW" />
112-->[com.firebaseui:firebase-ui-auth:4.3.1] AndroidManifest.xml:93:17-69
112-->[com.firebaseui:firebase-ui-auth:4.3.1] AndroidManifest.xml:93:25-66
113
114                <category android:name="android.intent.category.DEFAULT" />
114-->[com.firebaseui:firebase-ui-auth:4.3.1] AndroidManifest.xml:95:17-76
114-->[com.firebaseui:firebase-ui-auth:4.3.1] AndroidManifest.xml:95:27-73
115                <category android:name="android.intent.category.BROWSABLE" />
115-->[com.firebaseui:firebase-ui-auth:4.3.1] AndroidManifest.xml:96:17-78
115-->[com.firebaseui:firebase-ui-auth:4.3.1] AndroidManifest.xml:96:27-75
116
117                <data android:scheme="@string/facebook_login_protocol_scheme" />
117-->[com.firebaseui:firebase-ui-auth:4.3.1] AndroidManifest.xml:98:17-81
117-->[com.firebaseui:firebase-ui-auth:4.3.1] AndroidManifest.xml:98:23-78
118            </intent-filter>
119        </activity>
120
121        <provider
121-->[com.firebaseui:firebase-ui-auth:4.3.1] AndroidManifest.xml:102:9-106:38
122            android:name="com.firebase.ui.auth.data.client.AuthUiInitProvider"
122-->[com.firebaseui:firebase-ui-auth:4.3.1] AndroidManifest.xml:103:13-79
123            android:authorities="edu.mep3343.battlebuddies.authuiinitprovider"
123-->[com.firebaseui:firebase-ui-auth:4.3.1] AndroidManifest.xml:104:13-70
124            android:exported="false"
124-->[com.firebaseui:firebase-ui-auth:4.3.1] AndroidManifest.xml:105:13-37
125            android:initOrder="90" />
125-->[com.firebaseui:firebase-ui-auth:4.3.1] AndroidManifest.xml:106:13-35
126
127        <activity
127-->[com.google.firebase:firebase-auth:19.2.0] AndroidManifest.xml:24:9-31:50
128            android:name="com.google.firebase.auth.internal.FederatedSignInActivity"
128-->[com.google.firebase:firebase-auth:19.2.0] AndroidManifest.xml:25:13-85
129            android:excludeFromRecents="true"
129-->[com.google.firebase:firebase-auth:19.2.0] AndroidManifest.xml:26:13-46
130            android:exported="true"
130-->[com.google.firebase:firebase-auth:19.2.0] AndroidManifest.xml:27:13-36
131            android:launchMode="singleTask"
131-->[com.google.firebase:firebase-auth:19.2.0] AndroidManifest.xml:28:13-44
132            android:permission="com.google.firebase.auth.api.gms.permission.LAUNCH_FEDERATED_SIGN_IN"
132-->[com.google.firebase:firebase-auth:19.2.0] AndroidManifest.xml:29:13-102
133            android:theme="@android:style/Theme.Translucent.NoTitleBar" />
133-->[com.google.firebase:firebase-auth:19.2.0] AndroidManifest.xml:30:13-72
134
135        <service
135-->[com.google.firebase:firebase-auth:19.2.0] AndroidManifest.xml:33:9-39:19
136            android:name="com.google.firebase.components.ComponentDiscoveryService"
136-->[com.google.firebase:firebase-auth:19.2.0] AndroidManifest.xml:34:13-84
137            android:directBootAware="true"
137-->[com.google.firebase:firebase-common:19.3.0] AndroidManifest.xml:34:13-43
138            android:exported="false" >
138-->[com.google.firebase:firebase-auth:19.2.0] AndroidManifest.xml:35:13-37
139            <meta-data
139-->[com.google.firebase:firebase-auth:19.2.0] AndroidManifest.xml:36:13-38:85
140                android:name="com.google.firebase.components:com.google.firebase.auth.FirebaseAuthRegistrar"
140-->[com.google.firebase:firebase-auth:19.2.0] AndroidManifest.xml:37:17-109
141                android:value="com.google.firebase.components.ComponentRegistrar" />
141-->[com.google.firebase:firebase-auth:19.2.0] AndroidManifest.xml:38:17-82
142            <meta-data
142-->[com.google.firebase:firebase-firestore:21.2.0] AndroidManifest.xml:20:13-22:85
143                android:name="com.google.firebase.components:com.google.firebase.firestore.FirestoreRegistrar"
143-->[com.google.firebase:firebase-firestore:21.2.0] AndroidManifest.xml:21:17-111
144                android:value="com.google.firebase.components.ComponentRegistrar" />
144-->[com.google.firebase:firebase-firestore:21.2.0] AndroidManifest.xml:22:17-82
145            <meta-data
145-->[com.google.android.gms:play-services-measurement-api:17.2.0] AndroidManifest.xml:30:13-32:85
146                android:name="com.google.firebase.components:com.google.firebase.analytics.connector.internal.AnalyticsConnectorRegistrar"
146-->[com.google.android.gms:play-services-measurement-api:17.2.0] AndroidManifest.xml:31:17-139
147                android:value="com.google.firebase.components.ComponentRegistrar" />
147-->[com.google.android.gms:play-services-measurement-api:17.2.0] AndroidManifest.xml:32:17-82
148            <meta-data
148-->[com.google.firebase:firebase-iid:19.0.0] AndroidManifest.xml:32:13-34:85
149                android:name="com.google.firebase.components:com.google.firebase.iid.Registrar"
149-->[com.google.firebase:firebase-iid:19.0.0] AndroidManifest.xml:33:17-96
150                android:value="com.google.firebase.components.ComponentRegistrar" />
150-->[com.google.firebase:firebase-iid:19.0.0] AndroidManifest.xml:34:17-82
151        </service>
152
153        <activity
153-->[com.google.android.gms:play-services-auth:16.0.1] AndroidManifest.xml:23:9-27:75
154            android:name="com.google.android.gms.auth.api.signin.internal.SignInHubActivity"
154-->[com.google.android.gms:play-services-auth:16.0.1] AndroidManifest.xml:24:13-93
155            android:excludeFromRecents="true"
155-->[com.google.android.gms:play-services-auth:16.0.1] AndroidManifest.xml:25:13-46
156            android:exported="false"
156-->[com.google.android.gms:play-services-auth:16.0.1] AndroidManifest.xml:26:13-37
157            android:theme="@android:style/Theme.Translucent.NoTitleBar" />
157-->[com.google.android.gms:play-services-auth:16.0.1] AndroidManifest.xml:27:13-72
158        <!--
159            Service handling Google Sign-In user revocation. For apps that do not integrate with
160            Google Sign-In, this service will never be started.
161        -->
162        <service
162-->[com.google.android.gms:play-services-auth:16.0.1] AndroidManifest.xml:33:9-36:110
163            android:name="com.google.android.gms.auth.api.signin.RevocationBoundService"
163-->[com.google.android.gms:play-services-auth:16.0.1] AndroidManifest.xml:34:13-89
164            android:exported="true"
164-->[com.google.android.gms:play-services-auth:16.0.1] AndroidManifest.xml:35:13-36
165            android:permission="com.google.android.gms.auth.api.signin.permission.REVOCATION_NOTIFICATION" />
165-->[com.google.android.gms:play-services-auth:16.0.1] AndroidManifest.xml:36:13-107
166
167        <receiver
167-->[com.google.firebase:firebase-iid:19.0.0] AndroidManifest.xml:37:9-44:20
168            android:name="com.google.firebase.iid.FirebaseInstanceIdReceiver"
168-->[com.google.firebase:firebase-iid:19.0.0] AndroidManifest.xml:38:13-78
169            android:exported="true"
169-->[com.google.firebase:firebase-iid:19.0.0] AndroidManifest.xml:39:13-36
170            android:permission="com.google.android.c2dm.permission.SEND" >
170-->[com.google.firebase:firebase-iid:19.0.0] AndroidManifest.xml:40:13-73
171            <intent-filter>
171-->[com.google.firebase:firebase-iid:19.0.0] AndroidManifest.xml:41:13-43:29
172                <action android:name="com.google.android.c2dm.intent.RECEIVE" />
172-->[com.google.firebase:firebase-iid:19.0.0] AndroidManifest.xml:42:17-81
172-->[com.google.firebase:firebase-iid:19.0.0] AndroidManifest.xml:42:25-78
173            </intent-filter>
174        </receiver>
175
176        <activity
176-->[com.google.android.gms:play-services-base:17.1.0] AndroidManifest.xml:23:9-26:75
177            android:name="com.google.android.gms.common.api.GoogleApiActivity"
177-->[com.google.android.gms:play-services-base:17.1.0] AndroidManifest.xml:24:13-79
178            android:exported="false"
178-->[com.google.android.gms:play-services-base:17.1.0] AndroidManifest.xml:25:13-37
179            android:theme="@android:style/Theme.Translucent.NoTitleBar" />
179-->[com.google.android.gms:play-services-base:17.1.0] AndroidManifest.xml:26:13-72
180
181        <provider
181-->[com.google.firebase:firebase-common:19.3.0] AndroidManifest.xml:26:9-30:39
182            android:name="com.google.firebase.provider.FirebaseInitProvider"
182-->[com.google.firebase:firebase-common:19.3.0] AndroidManifest.xml:27:13-77
183            android:authorities="edu.mep3343.battlebuddies.firebaseinitprovider"
183-->[com.google.firebase:firebase-common:19.3.0] AndroidManifest.xml:28:13-72
184            android:exported="false"
184-->[com.google.firebase:firebase-common:19.3.0] AndroidManifest.xml:29:13-37
185            android:initOrder="100" />
185-->[com.google.firebase:firebase-common:19.3.0] AndroidManifest.xml:30:13-36
186
187        <receiver
187-->[com.google.android.gms:play-services-measurement:17.2.0] AndroidManifest.xml:29:9-33:20
188            android:name="com.google.android.gms.measurement.AppMeasurementReceiver"
188-->[com.google.android.gms:play-services-measurement:17.2.0] AndroidManifest.xml:30:13-85
189            android:enabled="true"
189-->[com.google.android.gms:play-services-measurement:17.2.0] AndroidManifest.xml:31:13-35
190            android:exported="false" >
190-->[com.google.android.gms:play-services-measurement:17.2.0] AndroidManifest.xml:32:13-37
191        </receiver>
192        <receiver
192-->[com.google.android.gms:play-services-measurement:17.2.0] AndroidManifest.xml:34:9-42:20
193            android:name="com.google.android.gms.measurement.AppMeasurementInstallReferrerReceiver"
193-->[com.google.android.gms:play-services-measurement:17.2.0] AndroidManifest.xml:35:13-100
194            android:enabled="true"
194-->[com.google.android.gms:play-services-measurement:17.2.0] AndroidManifest.xml:36:13-35
195            android:exported="true"
195-->[com.google.android.gms:play-services-measurement:17.2.0] AndroidManifest.xml:37:13-36
196            android:permission="android.permission.INSTALL_PACKAGES" >
196-->[com.google.android.gms:play-services-measurement:17.2.0] AndroidManifest.xml:38:13-69
197            <intent-filter>
197-->[com.google.android.gms:play-services-measurement:17.2.0] AndroidManifest.xml:39:13-41:29
198                <action android:name="com.android.vending.INSTALL_REFERRER" />
198-->[com.google.android.gms:play-services-measurement:17.2.0] AndroidManifest.xml:40:17-79
198-->[com.google.android.gms:play-services-measurement:17.2.0] AndroidManifest.xml:40:25-76
199            </intent-filter>
200        </receiver>
201
202        <service
202-->[com.google.android.gms:play-services-measurement:17.2.0] AndroidManifest.xml:44:9-47:40
203            android:name="com.google.android.gms.measurement.AppMeasurementService"
203-->[com.google.android.gms:play-services-measurement:17.2.0] AndroidManifest.xml:45:13-84
204            android:enabled="true"
204-->[com.google.android.gms:play-services-measurement:17.2.0] AndroidManifest.xml:46:13-35
205            android:exported="false" />
205-->[com.google.android.gms:play-services-measurement:17.2.0] AndroidManifest.xml:47:13-37
206        <service
206-->[com.google.android.gms:play-services-measurement:17.2.0] AndroidManifest.xml:48:9-52:72
207            android:name="com.google.android.gms.measurement.AppMeasurementJobService"
207-->[com.google.android.gms:play-services-measurement:17.2.0] AndroidManifest.xml:49:13-87
208            android:enabled="true"
208-->[com.google.android.gms:play-services-measurement:17.2.0] AndroidManifest.xml:50:13-35
209            android:exported="false"
209-->[com.google.android.gms:play-services-measurement:17.2.0] AndroidManifest.xml:51:13-37
210            android:permission="android.permission.BIND_JOB_SERVICE" />
210-->[com.google.android.gms:play-services-measurement:17.2.0] AndroidManifest.xml:52:13-69
211
212        <provider
212-->[androidx.lifecycle:lifecycle-process:2.1.0] AndroidManifest.xml:23:9-27:43
213            android:name="androidx.lifecycle.ProcessLifecycleOwnerInitializer"
213-->[androidx.lifecycle:lifecycle-process:2.1.0] AndroidManifest.xml:24:13-79
214            android:authorities="edu.mep3343.battlebuddies.lifecycle-process"
214-->[androidx.lifecycle:lifecycle-process:2.1.0] AndroidManifest.xml:25:13-69
215            android:exported="false"
215-->[androidx.lifecycle:lifecycle-process:2.1.0] AndroidManifest.xml:26:13-37
216            android:multiprocess="true" />
216-->[androidx.lifecycle:lifecycle-process:2.1.0] AndroidManifest.xml:27:13-40
217    </application>
218
219</manifest>